<?xml version="1.0" encoding="UTF-8"?>
<!-- Generated by org.testng.reporters.JUnitXMLReporter -->
<testsuite ignored="0" hostname="Chiranjitha" failures="0" tests="3" name="Default test" time="9.932" errors="0" timestamp="05 Mar 2024 19:16:52 GMT">
  <testcase classname="com.qa.opencart.test.LoginPageTest" name="loginPageNavigationTest" time="0.618"/>
  <testcase classname="com.qa.opencart.test.LoginPageTest" name="forgotpasswordLinkexiststest" time="0.017"/>
  <testcase classname="com.qa.opencart.test.LoginPageTest" name="appLoginTest" time="0.801"/>
</testsuite> <!-- Default test -->
