<?xml version="1.0" encoding="UTF-8"?>
<!-- Generated by org.testng.reporters.JUnitXMLReporter -->
<testsuite ignored="0" hostname="Chiranjitha" failures="0" tests="3" name="Open Cart Login Page Test_safari" time="5.819" errors="0" timestamp="07 Mar 2024 14:44:50 GMT">
  <testcase classname="com.qa.opencart.test.LoginPageTest" name="loginPageNavigationTest" time="0.915"/>
  <testcase classname="com.qa.opencart.test.LoginPageTest" name="forgotpasswordLinkexiststest" time="0.019"/>
  <testcase classname="com.qa.opencart.test.LoginPageTest" name="appLoginTest" time="1.056"/>
</testsuite> <!-- Open Cart Login Page Test_safari -->
