<?xml version="1.0" encoding="UTF-8"?>
<!-- Generated by org.testng.reporters.JUnitXMLReporter -->
<testsuite ignored="0" hostname="Chiranjitha" failures="0" tests="3" name="Open Cart Login Page Test" time="7.614" errors="0" timestamp="07 Mar 2024 14:44:45 GMT">
  <testcase classname="com.qa.opencart.test.LoginPageTest" name="loginPageNavigationTest" time="0.574"/>
  <testcase classname="com.qa.opencart.test.LoginPageTest" name="forgotpasswordLinkexiststest" time="0.009"/>
  <testcase classname="com.qa.opencart.test.LoginPageTest" name="appLoginTest" time="0.812"/>
</testsuite> <!-- Open Cart Login Page Test -->
