<?xml version="1.0" encoding="UTF-8"?>
<!-- Generated by org.testng.reporters.JUnitXMLReporter -->
<testsuite ignored="0" hostname="Chiranjitha" failures="0" tests="5" name="Open Cart Home Page Test_chrome" time="9.001" errors="0" timestamp="07 Mar 2024 14:44:30 GMT">
  <testcase classname="com.qa.opencart.test.HomePageTest" name="homePageTitleTest" time="0.017"/>
  <testcase classname="com.qa.opencart.test.HomePageTest" name="homePageURLTest" time="0.002"/>
  <testcase classname="com.qa.opencart.test.HomePageTest" name="searchTest" time="0.568"/>
  <testcase classname="com.qa.opencart.test.HomePageTest" name="searchTest" time="0.494"/>
  <testcase classname="com.qa.opencart.test.HomePageTest" name="searchTest" time="0.518"/>
</testsuite> <!-- Open Cart Home Page Test_chrome -->
