<?xml version="1.0" encoding="UTF-8"?>
<!-- Generated by org.testng.reporters.JUnitXMLReporter -->
<testsuite ignored="0" hostname="Chiranjitha" failures="0" tests="5" name="Open Cart Home Page Test" time="10.52" errors="0" timestamp="06 Mar 2024 14:53:20 GMT">
  <testcase classname="com.qa.opencart.test.HomePageTest" name="homePageTitleTest" time="0.015"/>
  <testcase classname="com.qa.opencart.test.HomePageTest" name="homePageURLTest" time="0.006"/>
  <testcase classname="com.qa.opencart.test.HomePageTest" name="searchTest" time="0.569"/>
  <testcase classname="com.qa.opencart.test.HomePageTest" name="searchTest" time="0.624"/>
  <testcase classname="com.qa.opencart.test.HomePageTest" name="searchTest" time="0.474"/>
</testsuite> <!-- Open Cart Home Page Test -->
